{"/Users/anoushkkharangate/Documents/sqlana-store/core/collection.ts": {"path":"/Users/anoushkkharangate/Documents/sqlana-store/core/collection.ts","statementMap":{"0":{"start":{"line":2,"column":0},"end":{"line":2,"column":44}},"1":{"start":{"line":3,"column":0},"end":{"line":3,"column":26}},"2":{"start":{"line":4,"column":0},"end":{"line":4,"column":32}},"3":{"start":{"line":5,"column":0},"end":{"line":5,"column":20}},"4":{"start":{"line":22,"column":4},"end":{"line":26,"column":null}},"5":{"start":{"line":23,"column":6},"end":{"line":23,"column":55}},"6":{"start":{"line":25,"column":6},"end":{"line":25,"column":76}},"7":{"start":{"line":27,"column":4},"end":{"line":27,"column":39}},"8":{"start":{"line":28,"column":4},"end":{"line":28,"column":39}},"9":{"start":{"line":29,"column":4},"end":{"line":29,"column":72}},"10":{"start":{"line":32,"column":4},"end":{"line":49,"column":null}},"11":{"start":{"line":33,"column":6},"end":{"line":33,"column":77}},"12":{"start":{"line":34,"column":37},"end":{"line":37,"column":8}},"13":{"start":{"line":38,"column":6},"end":{"line":38,"column":48}},"14":{"start":{"line":39,"column":26},"end":{"line":42,"column":null}},"15":{"start":{"line":44,"column":6},"end":{"line":44,"column":27}},"16":{"start":{"line":45,"column":6},"end":{"line":45,"column":58}},"17":{"start":{"line":47,"column":6},"end":{"line":47,"column":21}},"18":{"start":{"line":48,"column":6},"end":{"line":48,"column":80}},"19":{"start":{"line":52,"column":4},"end":{"line":63,"column":null}},"20":{"start":{"line":53,"column":35},"end":{"line":56,"column":null}},"21":{"start":{"line":58,"column":6},"end":{"line":58,"column":40}},"22":{"start":{"line":59,"column":6},"end":{"line":59,"column":40}},"23":{"start":{"line":61,"column":6},"end":{"line":61,"column":25}},"24":{"start":{"line":62,"column":6},"end":{"line":62,"column":18}},"25":{"start":{"line":66,"column":4},"end":{"line":66,"column":77}},"26":{"start":{"line":67,"column":29},"end":{"line":70,"column":6}},"27":{"start":{"line":71,"column":4},"end":{"line":71,"column":54}},"28":{"start":{"line":72,"column":16},"end":{"line":76,"column":null}},"29":{"start":{"line":78,"column":4},"end":{"line":78,"column":36}},"30":{"start":{"line":15,"column":0},"end":{"line":15,"column":13}}},"fnMap":{"0":{"name":"(anonymous_8)","decl":{"start":{"line":21,"column":2},"end":{"line":21,"column":14}},"loc":{"start":{"line":21,"column":46},"end":{"line":30,"column":3}}},"1":{"name":"(anonymous_9)","decl":{"start":{"line":31,"column":8},"end":{"line":31,"column":14}},"loc":{"start":{"line":31,"column":14},"end":{"line":50,"column":null}}},"2":{"name":"(anonymous_11)","decl":{"start":{"line":51,"column":8},"end":{"line":51,"column":13}},"loc":{"start":{"line":51,"column":26},"end":{"line":64,"column":null}}},"3":{"name":"(anonymous_13)","decl":{"start":{"line":65,"column":8},"end":{"line":65,"column":14}},"loc":{"start":{"line":65,"column":46},"end":{"line":79,"column":null}}}},"branchMap":{"0":{"loc":{"start":{"line":22,"column":4},"end":{"line":26,"column":null}},"type":"if","locations":[{"start":{"line":22,"column":4},"end":{"line":26,"column":null}},{"start":{"line":24,"column":11},"end":{"line":26,"column":null}}]}},"s":{"0":1,"1":1,"2":1,"3":1,"4":3,"5":3,"6":0,"7":3,"8":3,"9":3,"10":0,"11":0,"12":0,"13":0,"14":0,"15":0,"16":0,"17":0,"18":0,"19":3,"20":3,"21":3,"22":3,"23":0,"24":0,"25":0,"26":0,"27":0,"28":0,"29":0,"30":1},"f":{"0":3,"1":0,"2":3,"3":0},"b":{"0":[3,0]}}
,"/Users/anoushkkharangate/Documents/sqlana-store/core/document.ts": {"path":"/Users/anoushkkharangate/Documents/sqlana-store/core/document.ts","statementMap":{"0":{"start":{"line":2,"column":0},"end":{"line":2,"column":32}},"1":{"start":{"line":12,"column":4},"end":{"line":16,"column":null}},"2":{"start":{"line":13,"column":6},"end":{"line":13,"column":39}},"3":{"start":{"line":15,"column":6},"end":{"line":15,"column":69}},"4":{"start":{"line":17,"column":4},"end":{"line":17,"column":51}},"5":{"start":{"line":20,"column":4},"end":{"line":20,"column":71}},"6":{"start":{"line":8,"column":0},"end":{"line":8,"column":13}}},"fnMap":{"0":{"name":"(anonymous_7)","decl":{"start":{"line":11,"column":2},"end":{"line":11,"column":14}},"loc":{"start":{"line":11,"column":42},"end":{"line":18,"column":3}}},"1":{"name":"(anonymous_8)","decl":{"start":{"line":19,"column":8},"end":{"line":19,"column":14}},"loc":{"start":{"line":19,"column":14},"end":{"line":21,"column":null}}}},"branchMap":{"0":{"loc":{"start":{"line":12,"column":4},"end":{"line":16,"column":null}},"type":"if","locations":[{"start":{"line":12,"column":4},"end":{"line":16,"column":null}},{"start":{"line":14,"column":11},"end":{"line":16,"column":null}}]}},"s":{"0":1,"1":0,"2":0,"3":0,"4":0,"5":0,"6":1},"f":{"0":0,"1":0},"b":{"0":[0,0]}}
,"/Users/anoushkkharangate/Documents/sqlana-store/core/sdk.ts": {"path":"/Users/anoushkkharangate/Documents/sqlana-store/core/sdk.ts","statementMap":{"0":{"start":{"line":1,"column":0},"end":{"line":1,"column":47}},"1":{"start":{"line":2,"column":0},"end":{"line":2,"column":null}},"2":{"start":{"line":7,"column":0},"end":{"line":7,"column":null}},"3":{"start":{"line":15,"column":0},"end":{"line":15,"column":24}},"4":{"start":{"line":18,"column":0},"end":{"line":18,"column":42}},"5":{"start":{"line":19,"column":0},"end":{"line":19,"column":38}},"6":{"start":{"line":21,"column":18},"end":{"line":27,"column":2}},"7":{"start":{"line":24,"column":11},"end":{"line":24,"column":60}},"8":{"start":{"line":25,"column":12},"end":{"line":25,"column":48}},"9":{"start":{"line":29,"column":14},"end":{"line":29,"column":49}},"10":{"start":{"line":29,"column":29},"end":{"line":29,"column":49}},"11":{"start":{"line":68,"column":4},"end":{"line":68,"column":43}},"12":{"start":{"line":69,"column":4},"end":{"line":69,"column":43}},"13":{"start":{"line":70,"column":4},"end":{"line":70,"column":31}},"14":{"start":{"line":71,"column":4},"end":{"line":71,"column":42}},"15":{"start":{"line":72,"column":4},"end":{"line":72,"column":22}},"16":{"start":{"line":73,"column":4},"end":{"line":73,"column":52}},"17":{"start":{"line":74,"column":4},"end":{"line":78,"column":6}},"18":{"start":{"line":79,"column":4},"end":{"line":79,"column":41}},"19":{"start":{"line":83,"column":4},"end":{"line":83,"column":74}},"20":{"start":{"line":84,"column":4},"end":{"line":84,"column":22}},"21":{"start":{"line":98,"column":4},"end":{"line":98,"column":26}},"22":{"start":{"line":99,"column":4},"end":{"line":99,"column":36}},"23":{"start":{"line":102,"column":4},"end":{"line":102,"column":58}},"24":{"start":{"line":102,"column":21},"end":{"line":102,"column":58}},"25":{"start":{"line":103,"column":4},"end":{"line":109,"column":null}},"26":{"start":{"line":104,"column":18},"end":{"line":104,"column":59}},"27":{"start":{"line":105,"column":6},"end":{"line":105,"column":17}},"28":{"start":{"line":107,"column":6},"end":{"line":107,"column":25}},"29":{"start":{"line":108,"column":6},"end":{"line":108,"column":18}},"30":{"start":{"line":113,"column":4},"end":{"line":113,"column":58}},"31":{"start":{"line":113,"column":21},"end":{"line":113,"column":58}},"32":{"start":{"line":114,"column":4},"end":{"line":121,"column":null}},"33":{"start":{"line":115,"column":17},"end":{"line":115,"column":77}},"34":{"start":{"line":116,"column":6},"end":{"line":116,"column":16}},"35":{"start":{"line":118,"column":18},"end":{"line":118,"column":43}},"36":{"start":{"line":119,"column":17},"end":{"line":119,"column":69}},"37":{"start":{"line":119,"column":36},"end":{"line":119,"column":68}},"38":{"start":{"line":120,"column":6},"end":{"line":120,"column":24}},"39":{"start":{"line":125,"column":4},"end":{"line":125,"column":59}},"40":{"start":{"line":125,"column":21},"end":{"line":125,"column":59}},"41":{"start":{"line":126,"column":4},"end":{"line":126,"column":37}},"42":{"start":{"line":127,"column":21},"end":{"line":127,"column":75}},"43":{"start":{"line":128,"column":4},"end":{"line":128,"column":36}},"44":{"start":{"line":129,"column":4},"end":{"line":129,"column":20}},"45":{"start":{"line":132,"column":4},"end":{"line":132,"column":59}},"46":{"start":{"line":132,"column":21},"end":{"line":132,"column":59}},"47":{"start":{"line":133,"column":4},"end":{"line":133,"column":37}},"48":{"start":{"line":134,"column":21},"end":{"line":136,"column":null}},"49":{"start":{"line":138,"column":4},"end":{"line":138,"column":65}},"50":{"start":{"line":139,"column":4},"end":{"line":139,"column":16}},"51":{"start":{"line":148,"column":4},"end":{"line":149,"column":76}},"52":{"start":{"line":149,"column":6},"end":{"line":149,"column":76}},"53":{"start":{"line":157,"column":4},"end":{"line":157,"column":37}},"54":{"start":{"line":159,"column":6},"end":{"line":159,"column":72}},"55":{"start":{"line":160,"column":4},"end":{"line":173,"column":null}},"56":{"start":{"line":162,"column":8},"end":{"line":165,"column":null}},"57":{"start":{"line":167,"column":6},"end":{"line":167,"column":38}},"58":{"start":{"line":169,"column":6},"end":{"line":169,"column":30}},"59":{"start":{"line":171,"column":6},"end":{"line":171,"column":25}},"60":{"start":{"line":172,"column":6},"end":{"line":172,"column":18}},"61":{"start":{"line":177,"column":4},"end":{"line":177,"column":58}},"62":{"start":{"line":177,"column":21},"end":{"line":177,"column":58}},"63":{"start":{"line":178,"column":4},"end":{"line":178,"column":39}},"64":{"start":{"line":180,"column":23},"end":{"line":185,"column":6}},"65":{"start":{"line":186,"column":42},"end":{"line":186,"column":67}},"66":{"start":{"line":187,"column":4},"end":{"line":187,"column":27}},"67":{"start":{"line":190,"column":4},"end":{"line":190,"column":58}},"68":{"start":{"line":190,"column":21},"end":{"line":190,"column":58}},"69":{"start":{"line":191,"column":4},"end":{"line":191,"column":77}},"70":{"start":{"line":191,"column":30},"end":{"line":191,"column":77}},"71":{"start":{"line":192,"column":4},"end":{"line":192,"column":39}},"72":{"start":{"line":194,"column":23},"end":{"line":199,"column":6}},"73":{"start":{"line":200,"column":24},"end":{"line":200,"column":67}},"74":{"start":{"line":201,"column":4},"end":{"line":201,"column":37}},"75":{"start":{"line":204,"column":4},"end":{"line":204,"column":58}},"76":{"start":{"line":204,"column":21},"end":{"line":204,"column":58}},"77":{"start":{"line":205,"column":4},"end":{"line":205,"column":80}},"78":{"start":{"line":205,"column":30},"end":{"line":205,"column":80}},"79":{"start":{"line":206,"column":14},"end":{"line":211,"column":6}},"80":{"start":{"line":212,"column":27},"end":{"line":212,"column":56}},"81":{"start":{"line":213,"column":4},"end":{"line":213,"column":26}},"82":{"start":{"line":216,"column":4},"end":{"line":216,"column":58}},"83":{"start":{"line":216,"column":21},"end":{"line":216,"column":58}},"84":{"start":{"line":217,"column":4},"end":{"line":217,"column":80}},"85":{"start":{"line":217,"column":30},"end":{"line":217,"column":80}},"86":{"start":{"line":218,"column":14},"end":{"line":223,"column":6}},"87":{"start":{"line":224,"column":27},"end":{"line":224,"column":44}},"88":{"start":{"line":225,"column":4},"end":{"line":225,"column":52}},"89":{"start":{"line":228,"column":4},"end":{"line":228,"column":58}},"90":{"start":{"line":228,"column":21},"end":{"line":228,"column":58}},"91":{"start":{"line":229,"column":4},"end":{"line":229,"column":80}},"92":{"start":{"line":229,"column":30},"end":{"line":229,"column":80}},"93":{"start":{"line":230,"column":30},"end":{"line":230,"column":68}},"94":{"start":{"line":231,"column":16},"end":{"line":234,"column":15}},"95":{"start":{"line":235,"column":4},"end":{"line":235,"column":43}},"96":{"start":{"line":236,"column":24},"end":{"line":236,"column":70}},"97":{"start":{"line":237,"column":4},"end":{"line":237,"column":51}},"98":{"start":{"line":241,"column":0},"end":{"line":241,"column":27}}},"fnMap":{"0":{"name":"(anonymous_7)","decl":{"start":{"line":24,"column":4},"end":{"line":24,"column":5}},"loc":{"start":{"line":24,"column":11},"end":{"line":24,"column":60}}},"1":{"name":"(anonymous_8)","decl":{"start":{"line":25,"column":4},"end":{"line":25,"column":5}},"loc":{"start":{"line":25,"column":12},"end":{"line":25,"column":48}}},"2":{"name":"(anonymous_9)","decl":{"start":{"line":29,"column":14},"end":{"line":29,"column":15}},"loc":{"start":{"line":29,"column":29},"end":{"line":29,"column":49}}},"3":{"name":"(anonymous_10)","decl":{"start":{"line":67,"column":2},"end":{"line":67,"column":14}},"loc":{"start":{"line":67,"column":31},"end":{"line":80,"column":3}}},"4":{"name":"(anonymous_11)","decl":{"start":{"line":82,"column":8},"end":{"line":82,"column":16}},"loc":{"start":{"line":82,"column":16},"end":{"line":85,"column":null}}},"5":{"name":"(anonymous_13)","decl":{"start":{"line":97,"column":8},"end":{"line":97,"column":18}},"loc":{"start":{"line":97,"column":36},"end":{"line":100,"column":null}}},"6":{"name":"(anonymous_15)","decl":{"start":{"line":101,"column":8},"end":{"line":101,"column":20}},"loc":{"start":{"line":101,"column":20},"end":{"line":110,"column":null}}},"7":{"name":"(anonymous_17)","decl":{"start":{"line":112,"column":8},"end":{"line":112,"column":19}},"loc":{"start":{"line":112,"column":55},"end":{"line":122,"column":null}}},"8":{"name":"(anonymous_19)","decl":{"start":{"line":119,"column":28},"end":{"line":119,"column":29}},"loc":{"start":{"line":119,"column":36},"end":{"line":119,"column":68}}},"9":{"name":"(anonymous_20)","decl":{"start":{"line":124,"column":8},"end":{"line":124,"column":20}},"loc":{"start":{"line":124,"column":41},"end":{"line":130,"column":null}}},"10":{"name":"(anonymous_22)","decl":{"start":{"line":131,"column":8},"end":{"line":131,"column":26}},"loc":{"start":{"line":131,"column":47},"end":{"line":140,"column":null}}},"11":{"name":"(anonymous_24)","decl":{"start":{"line":147,"column":8},"end":{"line":147,"column":22}},"loc":{"start":{"line":147,"column":67},"end":{"line":174,"column":null}}},"12":{"name":"(anonymous_26)","decl":{"start":{"line":176,"column":8},"end":{"line":176,"column":24}},"loc":{"start":{"line":176,"column":72},"end":{"line":188,"column":null}}},"13":{"name":"(anonymous_28)","decl":{"start":{"line":189,"column":8},"end":{"line":189,"column":24}},"loc":{"start":{"line":189,"column":56},"end":{"line":202,"column":null}}},"14":{"name":"(anonymous_30)","decl":{"start":{"line":203,"column":8},"end":{"line":203,"column":21}},"loc":{"start":{"line":203,"column":42},"end":{"line":214,"column":null}}},"15":{"name":"(anonymous_32)","decl":{"start":{"line":215,"column":8},"end":{"line":215,"column":22}},"loc":{"start":{"line":215,"column":43},"end":{"line":226,"column":null}}},"16":{"name":"(anonymous_34)","decl":{"start":{"line":227,"column":8},"end":{"line":227,"column":22}},"loc":{"start":{"line":227,"column":75},"end":{"line":238,"column":null}}}},"branchMap":{"0":{"loc":{"start":{"line":68,"column":20},"end":{"line":68,"column":42}},"type":"binary-expr","locations":[{"start":{"line":68,"column":20},"end":{"line":68,"column":36}},{"start":{"line":68,"column":40},"end":{"line":68,"column":42}}]},"1":{"loc":{"start":{"line":69,"column":20},"end":{"line":69,"column":42}},"type":"binary-expr","locations":[{"start":{"line":69,"column":20},"end":{"line":69,"column":36}},{"start":{"line":69,"column":40},"end":{"line":69,"column":42}}]},"2":{"loc":{"start":{"line":75,"column":6},"end":{"line":77,"column":65}},"type":"cond-expr","locations":[{"start":{"line":76,"column":10},"end":{"line":76,"column":25}},{"start":{"line":77,"column":10},"end":{"line":77,"column":65}}]},"3":{"loc":{"start":{"line":77,"column":25},"end":{"line":77,"column":64}},"type":"binary-expr","locations":[{"start":{"line":77,"column":25},"end":{"line":77,"column":52}},{"start":{"line":77,"column":56},"end":{"line":77,"column":64}}]},"4":{"loc":{"start":{"line":102,"column":4},"end":{"line":102,"column":58}},"type":"if","locations":[{"start":{"line":102,"column":4},"end":{"line":102,"column":58}}]},"5":{"loc":{"start":{"line":113,"column":4},"end":{"line":113,"column":58}},"type":"if","locations":[{"start":{"line":113,"column":4},"end":{"line":113,"column":58}}]},"6":{"loc":{"start":{"line":114,"column":4},"end":{"line":121,"column":null}},"type":"if","locations":[{"start":{"line":114,"column":4},"end":{"line":121,"column":null}},{"start":{"line":117,"column":11},"end":{"line":121,"column":null}}]},"7":{"loc":{"start":{"line":120,"column":13},"end":{"line":120,"column":23}},"type":"binary-expr","locations":[{"start":{"line":120,"column":13},"end":{"line":120,"column":15}},{"start":{"line":120,"column":19},"end":{"line":120,"column":23}}]},"8":{"loc":{"start":{"line":125,"column":4},"end":{"line":125,"column":59}},"type":"if","locations":[{"start":{"line":125,"column":4},"end":{"line":125,"column":59}}]},"9":{"loc":{"start":{"line":132,"column":4},"end":{"line":132,"column":59}},"type":"if","locations":[{"start":{"line":132,"column":4},"end":{"line":132,"column":59}}]},"10":{"loc":{"start":{"line":148,"column":4},"end":{"line":149,"column":76}},"type":"if","locations":[{"start":{"line":148,"column":4},"end":{"line":149,"column":76}}]},"11":{"loc":{"start":{"line":177,"column":4},"end":{"line":177,"column":58}},"type":"if","locations":[{"start":{"line":177,"column":4},"end":{"line":177,"column":58}}]},"12":{"loc":{"start":{"line":190,"column":4},"end":{"line":190,"column":58}},"type":"if","locations":[{"start":{"line":190,"column":4},"end":{"line":190,"column":58}}]},"13":{"loc":{"start":{"line":191,"column":4},"end":{"line":191,"column":77}},"type":"if","locations":[{"start":{"line":191,"column":4},"end":{"line":191,"column":77}}]},"14":{"loc":{"start":{"line":204,"column":4},"end":{"line":204,"column":58}},"type":"if","locations":[{"start":{"line":204,"column":4},"end":{"line":204,"column":58}}]},"15":{"loc":{"start":{"line":205,"column":4},"end":{"line":205,"column":80}},"type":"if","locations":[{"start":{"line":205,"column":4},"end":{"line":205,"column":80}}]},"16":{"loc":{"start":{"line":216,"column":4},"end":{"line":216,"column":58}},"type":"if","locations":[{"start":{"line":216,"column":4},"end":{"line":216,"column":58}}]},"17":{"loc":{"start":{"line":217,"column":4},"end":{"line":217,"column":80}},"type":"if","locations":[{"start":{"line":217,"column":4},"end":{"line":217,"column":80}}]},"18":{"loc":{"start":{"line":228,"column":4},"end":{"line":228,"column":58}},"type":"if","locations":[{"start":{"line":228,"column":4},"end":{"line":228,"column":58}}]},"19":{"loc":{"start":{"line":229,"column":4},"end":{"line":229,"column":80}},"type":"if","locations":[{"start":{"line":229,"column":4},"end":{"line":229,"column":80}}]}},"s":{"0":1,"1":1,"2":1,"3":1,"4":1,"5":1,"6":1,"7":0,"8":0,"9":1,"10":1,"11":1,"12":1,"13":1,"14":1,"15":1,"16":1,"17":1,"18":1,"19":1,"20":1,"21":1,"22":1,"23":1,"24":0,"25":1,"26":1,"27":1,"28":0,"29":0,"30":1,"31":0,"32":1,"33":1,"34":1,"35":0,"36":0,"37":0,"38":0,"39":0,"40":0,"41":0,"42":0,"43":0,"44":0,"45":0,"46":0,"47":0,"48":0,"49":0,"50":0,"51":0,"52":0,"53":0,"54":0,"55":0,"56":0,"57":0,"58":0,"59":0,"60":0,"61":0,"62":0,"63":0,"64":0,"65":0,"66":0,"67":0,"68":0,"69":0,"70":0,"71":0,"72":0,"73":0,"74":0,"75":2,"76":0,"77":2,"78":0,"79":2,"80":2,"81":2,"82":1,"83":0,"84":1,"85":0,"86":1,"87":1,"88":1,"89":0,"90":0,"91":0,"92":0,"93":0,"94":0,"95":0,"96":0,"97":0,"98":1},"f":{"0":0,"1":0,"2":1,"3":1,"4":1,"5":1,"6":1,"7":1,"8":0,"9":0,"10":0,"11":0,"12":0,"13":0,"14":2,"15":1,"16":0},"b":{"0":[1,0],"1":[1,0],"2":[1,0],"3":[0,0],"4":[0],"5":[0],"6":[1,0],"7":[0,0],"8":[0],"9":[0],"10":[0],"11":[0],"12":[0],"13":[0],"14":[0],"15":[0],"16":[0],"17":[0],"18":[0],"19":[0]}}
}
