TN:
SF:core/collection.ts
FN:21,(anonymous_8)
FN:31,(anonymous_9)
FN:51,(anonymous_11)
FN:65,(anonymous_13)
FNF:4
FNH:2
FNDA:3,(anonymous_8)
FNDA:0,(anonymous_9)
FNDA:3,(anonymous_11)
FNDA:0,(anonymous_13)
DA:2,1
DA:3,1
DA:4,1
DA:5,1
DA:15,1
DA:22,3
DA:23,3
DA:25,0
DA:27,3
DA:28,3
DA:29,3
DA:32,0
DA:33,0
DA:34,0
DA:38,0
DA:39,0
DA:44,0
DA:45,0
DA:47,0
DA:48,0
DA:52,3
DA:53,3
DA:58,3
DA:59,3
DA:61,0
DA:62,0
DA:66,0
DA:67,0
DA:71,0
DA:72,0
DA:78,0
LF:31
LH:14
BRDA:22,0,0,3
BRDA:22,0,1,0
BRF:2
BRH:1
end_of_record
TN:
SF:core/document.ts
FN:11,(anonymous_7)
FN:19,(anonymous_8)
FNF:2
FNH:0
FNDA:0,(anonymous_7)
FNDA:0,(anonymous_8)
DA:2,1
DA:8,1
DA:12,0
DA:13,0
DA:15,0
DA:17,0
DA:20,0
LF:7
LH:2
BRDA:12,0,0,0
BRDA:12,0,1,0
BRF:2
BRH:0
end_of_record
TN:
SF:core/sdk.ts
FN:24,(anonymous_7)
FN:25,(anonymous_8)
FN:29,(anonymous_9)
FN:67,(anonymous_10)
FN:82,(anonymous_11)
FN:97,(anonymous_13)
FN:101,(anonymous_15)
FN:112,(anonymous_17)
FN:119,(anonymous_19)
FN:124,(anonymous_20)
FN:131,(anonymous_22)
FN:147,(anonymous_24)
FN:176,(anonymous_26)
FN:189,(anonymous_28)
FN:203,(anonymous_30)
FN:215,(anonymous_32)
FN:227,(anonymous_34)
FNF:17
FNH:8
FNDA:0,(anonymous_7)
FNDA:0,(anonymous_8)
FNDA:1,(anonymous_9)
FNDA:1,(anonymous_10)
FNDA:1,(anonymous_11)
FNDA:1,(anonymous_13)
FNDA:1,(anonymous_15)
FNDA:1,(anonymous_17)
FNDA:0,(anonymous_19)
FNDA:0,(anonymous_20)
FNDA:0,(anonymous_22)
FNDA:0,(anonymous_24)
FNDA:0,(anonymous_26)
FNDA:0,(anonymous_28)
FNDA:2,(anonymous_30)
FNDA:1,(anonymous_32)
FNDA:0,(anonymous_34)
DA:1,1
DA:2,1
DA:7,1
DA:15,1
DA:18,1
DA:19,1
DA:21,1
DA:24,0
DA:25,0
DA:29,1
DA:68,1
DA:69,1
DA:70,1
DA:71,1
DA:72,1
DA:73,1
DA:74,1
DA:79,1
DA:83,1
DA:84,1
DA:98,1
DA:99,1
DA:102,1
DA:103,1
DA:104,1
DA:105,1
DA:107,0
DA:108,0
DA:113,1
DA:114,1
DA:115,1
DA:116,1
DA:118,0
DA:119,0
DA:120,0
DA:125,0
DA:126,0
DA:127,0
DA:128,0
DA:129,0
DA:132,0
DA:133,0
DA:134,0
DA:138,0
DA:139,0
DA:148,0
DA:149,0
DA:157,0
DA:159,0
DA:160,0
DA:162,0
DA:167,0
DA:169,0
DA:171,0
DA:172,0
DA:177,0
DA:178,0
DA:180,0
DA:186,0
DA:187,0
DA:190,0
DA:191,0
DA:192,0
DA:194,0
DA:200,0
DA:201,0
DA:204,2
DA:205,2
DA:206,2
DA:212,2
DA:213,2
DA:216,1
DA:217,1
DA:218,1
DA:224,1
DA:225,1
DA:228,0
DA:229,0
DA:230,0
DA:231,0
DA:235,0
DA:236,0
DA:237,0
DA:241,1
LF:84
LH:39
BRDA:68,0,0,1
BRDA:68,0,1,0
BRDA:69,1,0,1
BRDA:69,1,1,0
BRDA:75,2,0,1
BRDA:75,2,1,0
BRDA:77,3,0,0
BRDA:77,3,1,0
BRDA:102,4,0,0
BRDA:113,5,0,0
BRDA:114,6,0,1
BRDA:114,6,1,0
BRDA:120,7,0,0
BRDA:120,7,1,0
BRDA:125,8,0,0
BRDA:132,9,0,0
BRDA:148,10,0,0
BRDA:177,11,0,0
BRDA:190,12,0,0
BRDA:191,13,0,0
BRDA:204,14,0,0
BRDA:205,15,0,0
BRDA:216,16,0,0
BRDA:217,17,0,0
BRDA:228,18,0,0
BRDA:229,19,0,0
BRF:26
BRH:4
end_of_record
